# JRE version: Java(TM) SE Runtime Environment (9.0+11) (build 9.0.4+11)
# Java VM: Java HotSpot(TM) 64-Bit Server VM (9.0.4+11, mixed mode, tiered, compressed oops, g1 gc, windows-amd64)
Heap:
 garbage-first heap   total 63488K, used 14423K [0x00000000c2200000, 0x00000000c23001f0, 0x0000000100000000)
  region size 1024K, 5 young (5120K), 2 survivors (2048K)
 Metaspace       used 25880K, capacity 26904K, committed 27264K, reserved 1083392K
  class space    used 3136K, capacity 3357K, committed 3456K, reserved 1048576K
GC Heap History (10 events):
Event: 6.193 GC heap before
{Heap before GC invocations=2 (full 0):
 garbage-first heap   total 63488K, used 32823K [0x00000000c2200000, 0x00000000c23001f0, 0x0000000100000000)
  region size 1024K, 26 young (26624K), 1 survivors (1024K)
 Metaspace       used 13084K, capacity 13650K, committed 13952K, reserved 1060864K
  class space    used 1461K, capacity 1582K, committed 1664K, reserved 1048576K
}
Event: 6.200 GC heap after
{Heap after GC invocations=3 (full 0):
 garbage-first heap   total 63488K, used 9286K [0x00000000c2200000, 0x00000000c23001f0, 0x0000000100000000)
  region size 1024K, 3 young (3072K), 3 survivors (3072K)
 Metaspace       used 13084K, capacity 13650K, committed 13952K, reserved 1060864K
  class space    used 1461K, capacity 1582K, committed 1664K, reserved 1048576K
}
Event: 7.104 GC heap before
{Heap before GC invocations=3 (full 0):
 garbage-first heap   total 63488K, used 37958K [0x00000000c2200000, 0x00000000c23001f0, 0x0000000100000000)
  region size 1024K, 31 young (31744K), 3 survivors (3072K)
 Metaspace       used 15785K, capacity 16512K, committed 16768K, reserved 1064960K
  class space    used 1901K, capacity 2063K, committed 2176K, reserved 1048576K
}
Event: 7.111 GC heap after
{Heap after GC invocations=4 (full 0):
 garbage-first heap   total 63488K, used 10512K [0x00000000c2200000, 0x00000000c23001f0, 0x0000000100000000)
  region size 1024K, 3 young (3072K), 3 survivors (3072K)
 Metaspace       used 15785K, capacity 16512K, committed 16768K, reserved 1064960K
  class space    used 1901K, capacity 2063K, committed 2176K, reserved 1048576K
}
Event: 7.874 GC heap before
{Heap before GC invocations=4 (full 0):
 garbage-first heap   total 63488K, used 42256K [0x00000000c2200000, 0x00000000c23001f0, 0x0000000100000000)
  region size 1024K, 34 young (34816K), 3 survivors (3072K)
 Metaspace       used 19457K, capacity 20290K, committed 20480K, reserved 1067008K
  class space    used 2381K, capacity 2546K, committed 2560K, reserved 1048576K
}
Event: 7.885 GC heap after
{Heap after GC invocations=5 (full 0):
 garbage-first heap   total 63488K, used 12677K [0x00000000c2200000, 0x00000000c23001f0, 0x0000000100000000)
  region size 1024K, 5 young (5120K), 5 survivors (5120K)
 Metaspace       used 19457K, capacity 20290K, committed 20480K, reserved 1067008K
  class space    used 2381K, capacity 2546K, committed 2560K, reserved 1048576K
}
Event: 8.116 GC heap before
{Heap before GC invocations=5 (full 0):
 garbage-first heap   total 63488K, used 17797K [0x00000000c2200000, 0x00000000c23001f0, 0x0000000100000000)
  region size 1024K, 11 young (11264K), 5 survivors (5120K)
 Metaspace       used 20364K, capacity 21198K, committed 21296K, reserved 1069056K
  class space    used 2486K, capacity 2676K, committed 2688K, reserved 1048576K
}
Event: 8.124 GC heap after
{Heap after GC invocations=6 (full 0):
 garbage-first heap   total 63488K, used 10860K [0x00000000c2200000, 0x00000000c23001f0, 0x0000000100000000)
  region size 1024K, 2 young (2048K), 2 survivors (2048K)
 Metaspace       used 20364K, capacity 21198K, committed 21296K, reserved 1069056K
  class space    used 2486K, capacity 2676K, committed 2688K, reserved 1048576K
}
Event: 9.076 GC heap before
{Heap before GC invocations=7 (full 0):
 garbage-first heap   total 63488K, used 44652K [0x00000000c2200000, 0x00000000c23001f0, 0x0000000100000000)
  region size 1024K, 35 young (35840K), 2 survivors (2048K)
 Metaspace       used 24712K, capacity 25616K, committed 25856K, reserved 1071104K
  class space    used 3033K, capacity 3231K, committed 3328K, reserved 1048576K
}
Event: 9.083 GC heap after
{Heap after GC invocations=8 (full 0):
 garbage-first heap   total 63488K, used 13897K [0x00000000c2200000, 0x00000000c23001f0, 0x0000000100000000)
  region size 1024K, 5 young (5120K), 5 survivors (5120K)
 Metaspace       used 24712K, capacity 25616K, committed 25856K, reserved 1071104K
  class space    used 3033K, capacity 3231K, committed 3328K, reserved 1048576K
}

